TN:
SF:src/EventEmitterController.ts
FN:10,(anonymous_0)
FN:13,(anonymous_1)
FNF:2
FNH:2
FNDA:1,(anonymous_0)
FNDA:3,(anonymous_1)
DA:1,1
DA:9,1
DA:11,1
DA:12,1
DA:13,1
DA:14,3
DA:16,3
DA:17,3
DA:18,1
DA:19,1
DA:20,1
DA:21,1
LF:12
LH:12
BRF:0
BRH:0
end_of_record
TN:
SF:src/NotesApp.ts
FN:15,(anonymous_6)
FN:20,(anonymous_7)
FN:27,(anonymous_8)
FN:35,(anonymous_9)
FN:46,(anonymous_10)
FN:80,(anonymous_11)
FN:108,(anonymous_12)
FN:150,(anonymous_13)
FN:176,(anonymous_14)
FNF:9
FNH:9
FNDA:1,(anonymous_6)
FNDA:20,(anonymous_7)
FNDA:6,(anonymous_8)
FNDA:12,(anonymous_9)
FNDA:6,(anonymous_10)
FNDA:6,(anonymous_11)
FNDA:4,(anonymous_12)
FNDA:2,(anonymous_13)
FNDA:2,(anonymous_14)
DA:1,1
DA:8,1
DA:9,1
DA:10,1
DA:21,20
DA:28,6
DA:29,1
DA:36,12
DA:37,12
DA:47,6
DA:48,6
DA:49,6
DA:50,6
DA:51,4
DA:56,4
DA:65,2
DA:75,6
DA:81,6
DA:82,6
DA:83,6
DA:84,5
DA:85,5
DA:86,5
DA:87,5
DA:95,1
DA:102,6
DA:109,4
DA:110,4
DA:111,4
DA:112,2
DA:113,2
DA:114,2
DA:115,6
DA:116,6
DA:117,6
DA:118,6
DA:124,2
DA:130,0
DA:137,2
DA:143,4
DA:151,2
DA:152,2
DA:153,1
DA:154,1
DA:160,1
DA:167,2
DA:177,2
DA:178,2
DA:179,1
DA:180,1
DA:181,1
DA:182,1
DA:183,1
DA:189,1
DA:195,2
LF:55
LH:54
BRDA:28,0,0,1
BRDA:28,0,1,5
BRDA:50,1,0,4
BRDA:50,1,1,2
BRDA:83,2,0,5
BRDA:83,2,1,1
BRDA:111,3,0,2
BRDA:111,3,1,2
BRDA:113,4,0,2
BRDA:113,4,1,0
BRDA:152,5,0,1
BRDA:152,5,1,1
BRDA:178,6,0,1
BRDA:178,6,1,1
BRF:14
BRH:13
end_of_record
